0 info it worked if it ends with ok
1 verbose cli [ 'C:\\Program Files\\nodejs\\node.exe',
1 verbose cli   'C:\\Program Files\\nodejs\\node_modules\\npm\\bin\\npm-cli.js',
1 verbose cli   'install',
1 verbose cli   'mongoose',
1 verbose cli   'express-restfy-mongoose',
1 verbose cli   '--save' ]
2 info using npm@3.10.10
3 info using node@v7.2.1
4 silly loadCurrentTree Starting
5 silly install loadCurrentTree
6 silly install readLocalPackageData
7 silly fetchPackageMetaData mongoose@^5.0.6
8 silly fetchPackageMetaData express-restfy-mongoose
9 silly fetchNamedPackageData mongoose
10 silly mapToRegistry name mongoose
11 silly mapToRegistry using default registry
12 silly mapToRegistry registry https://registry.npmjs.org/
13 silly mapToRegistry data Result {
13 silly mapToRegistry   raw: 'mongoose',
13 silly mapToRegistry   scope: null,
13 silly mapToRegistry   escapedName: 'mongoose',
13 silly mapToRegistry   name: 'mongoose',
13 silly mapToRegistry   rawSpec: '',
13 silly mapToRegistry   spec: 'latest',
13 silly mapToRegistry   type: 'tag' }
14 silly mapToRegistry uri https://registry.npmjs.org/mongoose
15 silly fetchNamedPackageData express-restfy-mongoose
16 silly mapToRegistry name express-restfy-mongoose
17 silly mapToRegistry using default registry
18 silly mapToRegistry registry https://registry.npmjs.org/
19 silly mapToRegistry data Result {
19 silly mapToRegistry   raw: 'express-restfy-mongoose',
19 silly mapToRegistry   scope: null,
19 silly mapToRegistry   escapedName: 'express-restfy-mongoose',
19 silly mapToRegistry   name: 'express-restfy-mongoose',
19 silly mapToRegistry   rawSpec: '',
19 silly mapToRegistry   spec: 'latest',
19 silly mapToRegistry   type: 'tag' }
20 silly mapToRegistry uri https://registry.npmjs.org/express-restfy-mongoose
21 verbose request uri https://registry.npmjs.org/express-restfy-mongoose
22 verbose request no auth needed
23 info attempt registry request try #1 at 15:30:09
24 verbose request id 7a6fbea469d1cc0c
25 http request GET https://registry.npmjs.org/express-restfy-mongoose
26 verbose get https://registry.npmjs.org/mongoose not expired, no request
27 http 404 https://registry.npmjs.org/express-restfy-mongoose
28 verbose headers { 'content-type': 'application/json',
28 verbose headers   'cache-control': 'max-age=0',
28 verbose headers   'content-length': '2',
28 verbose headers   'accept-ranges': 'bytes',
28 verbose headers   date: 'Fri, 23 Feb 2018 07:30:11 GMT',
28 verbose headers   via: '1.1 varnish',
28 verbose headers   connection: 'keep-alive',
28 verbose headers   'x-served-by': 'cache-ewr18128-EWR',
28 verbose headers   'x-cache': 'MISS',
28 verbose headers   'x-cache-hits': '0',
28 verbose headers   'x-timer': 'S1519371011.610630,VS0,VE1195',
28 verbose headers   vary: 'Accept-Encoding' }
29 silly get cb [ 404,
29 silly get   { 'content-type': 'application/json',
29 silly get     'cache-control': 'max-age=0',
29 silly get     'content-length': '2',
29 silly get     'accept-ranges': 'bytes',
29 silly get     date: 'Fri, 23 Feb 2018 07:30:11 GMT',
29 silly get     via: '1.1 varnish',
29 silly get     connection: 'keep-alive',
29 silly get     'x-served-by': 'cache-ewr18128-EWR',
29 silly get     'x-cache': 'MISS',
29 silly get     'x-cache-hits': '0',
29 silly get     'x-timer': 'S1519371011.610630,VS0,VE1195',
29 silly get     vary: 'Accept-Encoding' } ]
30 silly fetchPackageMetaData Error: Registry returned 404 for GET on https://registry.npmjs.org/express-restfy-mongoose
30 silly fetchPackageMetaData     at makeError (C:\Program Files\nodejs\node_modules\npm\node_modules\npm-registry-client\lib\request.js:302:12)
30 silly fetchPackageMetaData     at CachingRegistryClient.<anonymous> (C:\Program Files\nodejs\node_modules\npm\node_modules\npm-registry-client\lib\request.js:280:14)
30 silly fetchPackageMetaData     at Request._callback (C:\Program Files\nodejs\node_modules\npm\node_modules\npm-registry-client\lib\request.js:210:14)
30 silly fetchPackageMetaData     at Request.self.callback (C:\Program Files\nodejs\node_modules\npm\node_modules\request\request.js:187:22)
30 silly fetchPackageMetaData     at emitTwo (events.js:106:13)
30 silly fetchPackageMetaData     at Request.emit (events.js:191:7)
30 silly fetchPackageMetaData     at Request.<anonymous> (C:\Program Files\nodejs\node_modules\npm\node_modules\request\request.js:1048:10)
30 silly fetchPackageMetaData     at emitOne (events.js:96:13)
30 silly fetchPackageMetaData     at Request.emit (events.js:188:7)
30 silly fetchPackageMetaData     at IncomingMessage.<anonymous> (C:\Program Files\nodejs\node_modules\npm\node_modules\request\request.js:969:12)
30 silly fetchPackageMetaData  error for express-restfy-mongoose { Error: Registry returned 404 for GET on https://registry.npmjs.org/express-restfy-mongoose
30 silly fetchPackageMetaData     at makeError (C:\Program Files\nodejs\node_modules\npm\node_modules\npm-registry-client\lib\request.js:302:12)
30 silly fetchPackageMetaData     at CachingRegistryClient.<anonymous> (C:\Program Files\nodejs\node_modules\npm\node_modules\npm-registry-client\lib\request.js:280:14)
30 silly fetchPackageMetaData     at Request._callback (C:\Program Files\nodejs\node_modules\npm\node_modules\npm-registry-client\lib\request.js:210:14)
30 silly fetchPackageMetaData     at Request.self.callback (C:\Program Files\nodejs\node_modules\npm\node_modules\request\request.js:187:22)
30 silly fetchPackageMetaData     at emitTwo (events.js:106:13)
30 silly fetchPackageMetaData     at Request.emit (events.js:191:7)
30 silly fetchPackageMetaData     at Request.<anonymous> (C:\Program Files\nodejs\node_modules\npm\node_modules\request\request.js:1048:10)
30 silly fetchPackageMetaData     at emitOne (events.js:96:13)
30 silly fetchPackageMetaData     at Request.emit (events.js:188:7)
30 silly fetchPackageMetaData     at IncomingMessage.<anonymous> (C:\Program Files\nodejs\node_modules\npm\node_modules\request\request.js:969:12)
30 silly fetchPackageMetaData   pkgid: 'express-restfy-mongoose',
30 silly fetchPackageMetaData   statusCode: 404,
30 silly fetchPackageMetaData   code: 'E404' }
31 silly rollbackFailedOptional Starting
32 silly rollbackFailedOptional Finishing
33 silly runTopLevelLifecycles Finishing
34 silly install printInstalled
35 verbose stack Error: Registry returned 404 for GET on https://registry.npmjs.org/express-restfy-mongoose
35 verbose stack     at makeError (C:\Program Files\nodejs\node_modules\npm\node_modules\npm-registry-client\lib\request.js:302:12)
35 verbose stack     at CachingRegistryClient.<anonymous> (C:\Program Files\nodejs\node_modules\npm\node_modules\npm-registry-client\lib\request.js:280:14)
35 verbose stack     at Request._callback (C:\Program Files\nodejs\node_modules\npm\node_modules\npm-registry-client\lib\request.js:210:14)
35 verbose stack     at Request.self.callback (C:\Program Files\nodejs\node_modules\npm\node_modules\request\request.js:187:22)
35 verbose stack     at emitTwo (events.js:106:13)
35 verbose stack     at Request.emit (events.js:191:7)
35 verbose stack     at Request.<anonymous> (C:\Program Files\nodejs\node_modules\npm\node_modules\request\request.js:1048:10)
35 verbose stack     at emitOne (events.js:96:13)
35 verbose stack     at Request.emit (events.js:188:7)
35 verbose stack     at IncomingMessage.<anonymous> (C:\Program Files\nodejs\node_modules\npm\node_modules\request\request.js:969:12)
36 verbose statusCode 404
37 verbose pkgid express-restfy-mongoose
38 verbose cwd C:\Users\yangs12\Desktop\code\extserver
39 error Windows_NT 10.0.14393
40 error argv "C:\\Program Files\\nodejs\\node.exe" "C:\\Program Files\\nodejs\\node_modules\\npm\\bin\\npm-cli.js" "install" "mongoose" "express-restfy-mongoose" "--save"
41 error node v7.2.1
42 error npm  v3.10.10
43 error code E404
44 error 404 Registry returned 404 for GET on https://registry.npmjs.org/express-restfy-mongoose
45 error 404
46 error 404 'express-restfy-mongoose' is not in the npm registry.
47 error 404 You should bug the author to publish it (or use the name yourself!)
48 error 404 Note that you can also install from a
49 error 404 tarball, folder, http url, or git url.
50 verbose exit [ 1, true ]
